# JRE version: OpenJDK Runtime Environment (8.0_242-b01) (build 1.8.0_242-release-1644-b01)
# Java VM: OpenJDK 64-Bit Server VM (25.242-b01 mixed mode windows-amd64 compressed oops)
Heap:
 PSYoungGen      total 41472K, used 31716K [0x00000000d5580000, 0x00000000d9100000, 0x0000000100000000)
  eden space 30208K, 86% used [0x00000000d5580000,0x00000000d6eec200,0x00000000d7300000)
  from space 11264K, 50% used [0x00000000d7300000,0x00000000d788cfd8,0x00000000d7e00000)
  to   space 10752K, 0% used [0x00000000d8680000,0x00000000d8680000,0x00000000d9100000)
 ParOldGen       total 56320K, used 13448K [0x0000000080000000, 0x0000000083700000, 0x00000000d5580000)
  object space 56320K, 23% used [0x0000000080000000,0x0000000080d222d8,0x0000000083700000)
 Metaspace       used 39921K, capacity 41510K, committed 41856K, reserved 1085440K
  class space    used 5310K, capacity 5666K, committed 5760K, reserved 1048576K
GC Heap History (10 events):
Event: 36.254 GC heap before
{Heap before GC invocations=11 (full 1):
 PSYoungGen      total 41472K, used 27983K [0x00000000d5580000, 0x00000000d8980000, 0x0000000100000000)
  eden space 30720K, 61% used [0x00000000d5580000,0x00000000d68163d8,0x00000000d7380000)
  from space 10752K, 83% used [0x00000000d7400000,0x00000000d7cbdb30,0x00000000d7e80000)
  to   space 11264K, 0% used [0x00000000d7e80000,0x00000000d7e80000,0x00000000d8980000)
 ParOldGen       total 56320K, used 8945K [0x0000000080000000, 0x0000000083700000, 0x00000000d5580000)
  object space 56320K, 15% used [0x0000000080000000,0x00000000808bc4c0,0x0000000083700000)
 Metaspace       used 34217K, capacity 35256K, committed 35416K, reserved 1079296K
  class space    used 4513K, capacity 4777K, committed 4864K, reserved 1048576K
Event: 36.267 GC heap after
Heap after GC invocations=11 (full 1):
 PSYoungGen      total 40960K, used 4894K [0x00000000d5580000, 0x00000000d8900000, 0x0000000100000000)
  eden space 30208K, 0% used [0x00000000d5580000,0x00000000d5580000,0x00000000d7300000)
  from space 10752K, 45% used [0x00000000d7e80000,0x00000000d8347a50,0x00000000d8900000)
  to   space 11264K, 0% used [0x00000000d7300000,0x00000000d7300000,0x00000000d7e00000)
 ParOldGen       total 56320K, used 11042K [0x0000000080000000, 0x0000000083700000, 0x00000000d5580000)
  object space 56320K, 19% used [0x0000000080000000,0x0000000080ac8a88,0x0000000083700000)
 Metaspace       used 34217K, capacity 35256K, committed 35416K, reserved 1079296K
  class space    used 4513K, capacity 4777K, committed 4864K, reserved 1048576K
}
Event: 36.267 GC heap before
{Heap before GC invocations=12 (full 2):
 PSYoungGen      total 40960K, used 4894K [0x00000000d5580000, 0x00000000d8900000, 0x0000000100000000)
  eden space 30208K, 0% used [0x00000000d5580000,0x00000000d5580000,0x00000000d7300000)
  from space 10752K, 45% used [0x00000000d7e80000,0x00000000d8347a50,0x00000000d8900000)
  to   space 11264K, 0% used [0x00000000d7300000,0x00000000d7300000,0x00000000d7e00000)
 ParOldGen       total 56320K, used 11042K [0x0000000080000000, 0x0000000083700000, 0x00000000d5580000)
  object space 56320K, 19% used [0x0000000080000000,0x0000000080ac8a88,0x0000000083700000)
 Metaspace       used 34217K, capacity 35256K, committed 35416K, reserved 1079296K
  class space    used 4513K, capacity 4777K, committed 4864K, reserved 1048576K
Event: 36.437 GC heap after
Heap after GC invocations=12 (full 2):
 PSYoungGen      total 40960K, used 0K [0x00000000d5580000, 0x00000000d8900000, 0x0000000100000000)
  eden space 30208K, 0% used [0x00000000d5580000,0x00000000d5580000,0x00000000d7300000)
  from space 10752K, 0% used [0x00000000d7e80000,0x00000000d7e80000,0x00000000d8900000)
  to   space 11264K, 0% used [0x00000000d7300000,0x00000000d7300000,0x00000000d7e00000)
 ParOldGen       total 56320K, used 13448K [0x0000000080000000, 0x0000000083700000, 0x00000000d5580000)
  object space 56320K, 23% used [0x0000000080000000,0x0000000080d222d8,0x0000000083700000)
 Metaspace       used 34206K, capacity 35244K, committed 35416K, reserved 1079296K
  class space    used 4510K, capacity 4773K, committed 4864K, reserved 1048576K
}
Event: 37.131 GC heap before
{Heap before GC invocations=13 (full 2):
 PSYoungGen      total 40960K, used 30208K [0x00000000d5580000, 0x00000000d8900000, 0x0000000100000000)
  eden space 30208K, 100% used [0x00000000d5580000,0x00000000d7300000,0x00000000d7300000)
  from space 10752K, 0% used [0x00000000d7e80000,0x00000000d7e80000,0x00000000d8900000)
  to   space 11264K, 0% used [0x00000000d7300000,0x00000000d7300000,0x00000000d7e00000)
 ParOldGen       total 56320K, used 13448K [0x0000000080000000, 0x0000000083700000, 0x00000000d5580000)
  object space 56320K, 23% used [0x0000000080000000,0x0000000080d222d8,0x0000000083700000)
 Metaspace       used 35815K, capacity 37024K, committed 37120K, reserved 1081344K
  class space    used 4760K, capacity 5039K, committed 5120K, reserved 1048576K
Event: 37.134 GC heap after
Heap after GC invocations=13 (full 2):
 PSYoungGen      total 41472K, used 2251K [0x00000000d5580000, 0x00000000d8900000, 0x0000000100000000)
  eden space 30208K, 0% used [0x00000000d5580000,0x00000000d5580000,0x00000000d7300000)
  from space 11264K, 19% used [0x00000000d7300000,0x00000000d7532c08,0x00000000d7e00000)
  to   space 10752K, 0% used [0x00000000d7e80000,0x00000000d7e80000,0x00000000d8900000)
 ParOldGen       total 56320K, used 13448K [0x0000000080000000, 0x0000000083700000, 0x00000000d5580000)
  object space 56320K, 23% used [0x0000000080000000,0x0000000080d222d8,0x0000000083700000)
 Metaspace       used 35815K, capacity 37024K, committed 37120K, reserved 1081344K
  class space    used 4760K, capacity 5039K, committed 5120K, reserved 1048576K
}
Event: 39.899 GC heap before
{Heap before GC invocations=14 (full 2):
 PSYoungGen      total 41472K, used 32459K [0x00000000d5580000, 0x00000000d8900000, 0x0000000100000000)
  eden space 30208K, 100% used [0x00000000d5580000,0x00000000d7300000,0x00000000d7300000)
  from space 11264K, 19% used [0x00000000d7300000,0x00000000d7532c08,0x00000000d7e00000)
  to   space 10752K, 0% used [0x00000000d7e80000,0x00000000d7e80000,0x00000000d8900000)
 ParOldGen       total 56320K, used 13448K [0x0000000080000000, 0x0000000083700000, 0x00000000d5580000)
  object space 56320K, 23% used [0x0000000080000000,0x0000000080d222d8,0x0000000083700000)
 Metaspace       used 37147K, capacity 38550K, committed 38784K, reserved 1083392K
  class space    used 4886K, capacity 5214K, committed 5248K, reserved 1048576K
Event: 39.910 GC heap after
Heap after GC invocations=14 (full 2):
 PSYoungGen      total 40960K, used 3360K [0x00000000d5580000, 0x00000000d8900000, 0x0000000100000000)
  eden space 30208K, 0% used [0x00000000d5580000,0x00000000d5580000,0x00000000d7300000)
  from space 10752K, 31% used [0x00000000d7e80000,0x00000000d81c8080,0x00000000d8900000)
  to   space 11264K, 0% used [0x00000000d7300000,0x00000000d7300000,0x00000000d7e00000)
 ParOldGen       total 56320K, used 13448K [0x0000000080000000, 0x0000000083700000, 0x00000000d5580000)
  object space 56320K, 23% used [0x0000000080000000,0x0000000080d222d8,0x0000000083700000)
 Metaspace       used 37147K, capacity 38550K, committed 38784K, reserved 1083392K
  class space    used 4886K, capacity 5214K, committed 5248K, reserved 1048576K
}
Event: 41.123 GC heap before
{Heap before GC invocations=15 (full 2):
 PSYoungGen      total 40960K, used 33568K [0x00000000d5580000, 0x00000000d8900000, 0x0000000100000000)
  eden space 30208K, 100% used [0x00000000d5580000,0x00000000d7300000,0x00000000d7300000)
  from space 10752K, 31% used [0x00000000d7e80000,0x00000000d81c8080,0x00000000d8900000)
  to   space 11264K, 0% used [0x00000000d7300000,0x00000000d7300000,0x00000000d7e00000)
 ParOldGen       total 56320K, used 13448K [0x0000000080000000, 0x0000000083700000, 0x00000000d5580000)
  object space 56320K, 23% used [0x0000000080000000,0x0000000080d222d8,0x0000000083700000)
 Metaspace       used 38718K, capacity 40078K, committed 40320K, reserved 1083392K
  class space    used 5099K, capacity 5396K, committed 5504K, reserved 1048576K
Event: 41.131 GC heap after
Heap after GC invocations=15 (full 2):
 PSYoungGen      total 41472K, used 5683K [0x00000000d5580000, 0x00000000d9100000, 0x0000000100000000)
  eden space 30208K, 0% used [0x00000000d5580000,0x00000000d5580000,0x00000000d7300000)
  from space 11264K, 50% used [0x00000000d7300000,0x00000000d788cfd8,0x00000000d7e00000)
  to   space 10752K, 0% used [0x00000000d8680000,0x00000000d8680000,0x00000000d9100000)
 ParOldGen       total 56320K, used 13448K [0x0000000080000000, 0x0000000083700000, 0x00000000d5580000)
  object space 56320K, 23% used [0x0000000080000000,0x0000000080d222d8,0x0000000083700000)
 Metaspace       used 38718K, capacity 40078K, committed 40320K, reserved 1083392K
  class space    used 5099K, capacity 5396K, committed 5504K, reserved 1048576K
}

